2023-01-20 11:45:07.355 [info] 日志级别: Info
2023-01-20 11:45:07.355 [info] 正在验证在以下位置找到的 git: "git"
2023-01-20 11:45:07.355 [info] 将使用位于 "2.39.1" 的 Git "git"
2023-01-20 11:45:07.355 [info] > git rev-parse --show-toplevel [3ms]
2023-01-20 11:45:07.355 [info] > git rev-parse --git-dir --git-common-dir [1ms]
2023-01-20 11:45:07.355 [info] Open repository: /home/chi/git_proj/CoupletAI
2023-01-20 11:45:07.355 [info] > git rev-parse --show-toplevel [12ms]
2023-01-20 11:45:07.355 [info] > git config --get commit.template [10ms]
2023-01-20 11:45:07.355 [info] > git rev-parse --show-toplevel [3ms]
2023-01-20 11:45:07.356 [info] > git for-each-ref --format=%(refname)%00%(upstream:short)%00%(objectname)%00%(upstream:track)%00%(upstream:remotename)%00%(upstream:remoteref) refs/heads/master refs/remotes/master [11ms]
2023-01-20 11:45:07.367 [info] > git rev-parse --show-toplevel [26ms]
2023-01-20 11:45:07.375 [info] > git status -z -uall [14ms]
2023-01-20 11:45:07.375 [info] > git for-each-ref --sort -committerdate --format %(refname) %(objectname) %(*objectname) [9ms]
2023-01-20 11:45:07.391 [info] > git rev-parse --show-toplevel [18ms]
2023-01-20 11:45:07.396 [info] > git rev-parse --show-toplevel [1ms]
2023-01-20 11:45:07.487 [info] > git rev-parse --show-toplevel [87ms]
2023-01-20 11:45:07.492 [info] > git rev-parse --show-toplevel [1ms]
2023-01-20 11:45:07.497 [info] > git rev-parse --show-toplevel [1ms]
2023-01-20 11:45:07.503 [info] > git rev-parse --show-toplevel [1ms]
2023-01-20 11:45:07.864 [info] > git show --textconv :main.py [11ms]
2023-01-20 11:45:07.864 [info] > git check-ignore -v -z --stdin [2ms]
2023-01-20 11:45:07.867 [info] > git ls-files --stage -- /home/chi/git_proj/CoupletAI/main.py [9ms]
2023-01-20 11:45:07.873 [info] > git cat-file -s 234fcb3648b290bb5994b3e7ee584fd3fd2becd3 [1ms]
2023-01-20 11:45:18.138 [info] > git show --textconv :webdemo.py [15ms]
2023-01-20 11:45:18.141 [info] > git ls-files --stage -- /home/chi/git_proj/CoupletAI/webdemo.py [5ms]
2023-01-20 11:45:18.154 [info] > git cat-file -s c126702374e1469959a008ef01f57105130cbe93 [2ms]
2023-01-20 11:46:30.207 [info] > git check-ignore -v -z --stdin [1ms]
2023-01-20 11:46:41.972 [info] > git config --get commit.template [7ms]
2023-01-20 11:46:41.973 [info] > git for-each-ref --format=%(refname)%00%(upstream:short)%00%(objectname)%00%(upstream:track)%00%(upstream:remotename)%00%(upstream:remoteref) refs/heads/master refs/remotes/master [2ms]
2023-01-20 11:46:41.981 [info] > git status -z -uall [5ms]
2023-01-20 11:46:41.983 [info] > git for-each-ref --sort -committerdate --format %(refname) %(objectname) %(*objectname) [2ms]
2023-01-20 11:47:16.255 [info] > git show --textconv :clidemo.py [5ms]
2023-01-20 11:47:16.256 [info] > git ls-files --stage -- /home/chi/git_proj/CoupletAI/clidemo.py [2ms]
2023-01-20 11:47:16.262 [info] > git cat-file -s 66c4f2958a6142f8b59adf59d98adde41382d891 [2ms]
2023-01-20 11:49:46.605 [info] > git show --textconv :vocabs [3ms]
2023-01-20 11:49:46.606 [info] > git ls-files --stage -- /home/chi/git_proj/CoupletAI/vocabs [1ms]
