2023-01-22 16:14:22.867 [info] 日志级别: Info
2023-01-22 16:14:22.867 [info] 正在验证在以下位置找到的 git: "git"
2023-01-22 16:14:22.867 [info] 将使用位于 "2.39.1" 的 Git "git"
2023-01-22 16:14:22.867 [info] > git rev-parse --show-toplevel [2ms]
2023-01-22 16:14:22.867 [info] > git rev-parse --git-dir --git-common-dir [1ms]
2023-01-22 16:14:22.867 [info] Open repository: /home/chi/git_proj/CoupletAI
2023-01-22 16:14:22.867 [info] > git rev-parse --show-toplevel [4ms]
2023-01-22 16:14:22.867 [info] > git config --get commit.template [10ms]
2023-01-22 16:14:22.867 [info] > git rev-parse --show-toplevel [5ms]
2023-01-22 16:14:22.867 [info] > git rev-parse --show-toplevel [5ms]
2023-01-22 16:14:22.867 [info] > git for-each-ref --format=%(refname)%00%(upstream:short)%00%(objectname)%00%(upstream:track)%00%(upstream:remotename)%00%(upstream:remoteref) refs/heads/master refs/remotes/master [7ms]
2023-01-22 16:14:22.867 [info] > git status -z -uall [5ms]
2023-01-22 16:14:22.867 [info] > git rev-parse --show-toplevel [11ms]
2023-01-22 16:14:22.867 [info] > git for-each-ref --sort -committerdate --format %(refname) %(objectname) %(*objectname) [6ms]
2023-01-22 16:14:22.867 [info] > git rev-parse --show-toplevel [6ms]
2023-01-22 16:14:22.867 [info] > git rev-parse --show-toplevel [1ms]
2023-01-22 16:14:22.867 [info] > git rev-parse --show-toplevel [1ms]
2023-01-22 16:14:22.867 [info] > git rev-parse --show-toplevel [1ms]
2023-01-22 16:14:22.867 [info] > git rev-parse --show-toplevel [11ms]
2023-01-22 16:14:23.083 [info] > git show --textconv :clidemo.py [47ms]
2023-01-22 16:14:23.083 [info] > git show --textconv :vocabs [43ms]
2023-01-22 16:14:23.083 [info] > git ls-files --stage -- /home/chi/git_proj/CoupletAI/vocabs [33ms]
2023-01-22 16:14:23.084 [info] > git ls-files --stage -- /home/chi/git_proj/CoupletAI/clidemo.py [39ms]
2023-01-22 16:14:23.093 [info] > git cat-file -s 66c4f2958a6142f8b59adf59d98adde41382d891 [4ms]
2023-01-22 16:14:23.173 [info] > git check-ignore -v -z --stdin [1ms]
2023-01-22 16:14:39.279 [info] > git config --get commit.template [6ms]
2023-01-22 16:14:39.280 [info] > git for-each-ref --format=%(refname)%00%(upstream:short)%00%(objectname)%00%(upstream:track)%00%(upstream:remotename)%00%(upstream:remoteref) refs/heads/master refs/remotes/master [1ms]
2023-01-22 16:14:39.288 [info] > git status -z -uall [4ms]
2023-01-22 16:14:39.290 [info] > git for-each-ref --sort -committerdate --format %(refname) %(objectname) %(*objectname) [2ms]
