2023-01-24 11:29:32.490 [info] Extension host with pid 4039 started
2023-01-24 11:29:32.490 [info] Skipping acquiring lock for /home/chi/.config/Code - OSS/User/workspaceStorage/991c4802e16826b00444f82f6e327e01.
2023-01-24 11:29:32.730 [info] ExtensionService#_doActivateExtension vscode.configuration-editing, startup: false, activationEvent: 'onLanguage:json'
2023-01-24 11:29:32.731 [info] ExtensionService#_doActivateExtension vscode.extension-editing, startup: false, activationEvent: 'onLanguage:json'
2023-01-24 11:29:32.731 [info] ExtensionService#_doActivateExtension vscode.json-language-features, startup: false, activationEvent: 'onLanguage:json'
2023-01-24 11:29:32.731 [info] ExtensionService#_doActivateExtension vscode.npm, startup: false, activationEvent: 'onLanguage:json'
2023-01-24 11:29:32.731 [info] ExtensionService#_doActivateExtension vscode.git-base, startup: true, activationEvent: '*', root cause: vscode.git
2023-01-24 11:29:33.000 [warning] Using default string since no string found in i18n bundle that has the key: This activation event cannot be explicitly listed by your extension.
2023-01-24 11:29:33.020 [warning] Using default string since no string found in i18n bundle that has the key: Configure
2023-01-24 11:29:33.020 [warning] Using default string since no string found in i18n bundle that has the key: JSON Language Server
2023-01-24 11:29:33.042 [warning] Using default string since no string found in i18n bundle that has the key: JSON: Schema Resolution Error
2023-01-24 11:29:33.055 [info] ExtensionService#_doActivateExtension vscode.git, startup: true, activationEvent: '*'
2023-01-24 11:29:33.055 [info] ExtensionService#_doActivateExtension vscode.github, startup: true, activationEvent: '*'
2023-01-24 11:29:33.115 [warning] Using default string since no string found in i18n bundle that has the key: GitHub
2023-01-24 11:29:33.143 [info] Eager extensions activated
2023-01-24 11:29:33.180 [info] ExtensionService#_doActivateExtension vscode.debug-auto-launch, startup: false, activationEvent: 'onStartupFinished'
2023-01-24 11:29:33.180 [info] ExtensionService#_doActivateExtension vscode.emmet, startup: false, activationEvent: 'onStartupFinished'
2023-01-24 11:29:33.181 [info] ExtensionService#_doActivateExtension vscode.merge-conflict, startup: false, activationEvent: 'onStartupFinished'
2023-01-24 11:29:33.182 [info] ExtensionService#_doActivateExtension PascalReitermann93.vscode-yaml-sort, startup: false, activationEvent: 'onStartupFinished'
2023-01-24 11:29:33.328 [warning] Using default string since no string found in i18n bundle that has the key: Unable to resolve schema. Click to retry.
2023-01-24 11:29:33.328 [warning] Using default string since no string found in i18n bundle that has the key: JSON Validation Status
2023-01-24 11:29:33.328 [warning] Using default string since no string found in i18n bundle that has the key: Loading JSON info
2023-01-24 11:29:33.373 [warning] [Decorations] CAPPING events from decorations provider vscode.git 475
2023-01-24 11:29:33.391 [warning] Using default string since no string found in i18n bundle that has the key: No Schema Validation
2023-01-24 11:29:33.391 [warning] Using default string since no string found in i18n bundle that has the key: no JSON schema configured
2023-01-24 11:29:33.391 [warning] Using default string since no string found in i18n bundle that has the key: Show Schemas
2023-01-24 11:29:33.413 [warning] [Decorations] CAPPING events from decorations provider vscode.git 475
2023-01-24 11:41:29.184 [warning] [Decorations] CAPPING events from decorations provider vscode.git 475
2023-01-24 11:41:34.212 [warning] [Decorations] CAPPING events from decorations provider vscode.git 475
2023-01-24 12:06:50.557 [warning] [Decorations] CAPPING events from decorations provider vscode.git 476
2023-01-24 12:06:52.569 [info] Extension host terminating: received terminate message from renderer
2023-01-24 12:06:52.582 [info] Extension host with pid 4039 exiting with code 0
