2023-01-24 11:18:13.602 [info] Extension host with pid 14120 started
2023-01-24 11:18:13.602 [info] Skipping acquiring lock for /home/chi/.config/Code - OSS/User/workspaceStorage/991c4802e16826b00444f82f6e327e01.
2023-01-24 11:18:13.659 [info] ExtensionService#_doActivateExtension vscode.git-base, startup: true, activationEvent: '*'
2023-01-24 11:18:13.697 [info] ExtensionService#_doActivateExtension vscode.github, startup: true, activationEvent: '*'
2023-01-24 11:18:13.712 [warning] Using default string since no string found in i18n bundle that has the key: GitHub
2023-01-24 11:18:13.713 [info] Eager extensions activated
2023-01-24 11:18:13.715 [info] ExtensionService#_doActivateExtension vscode.debug-auto-launch, startup: false, activationEvent: 'onStartupFinished'
2023-01-24 11:18:13.715 [info] ExtensionService#_doActivateExtension vscode.emmet, startup: false, activationEvent: 'onStartupFinished'
2023-01-24 11:18:13.715 [info] ExtensionService#_doActivateExtension vscode.merge-conflict, startup: false, activationEvent: 'onStartupFinished'
2023-01-24 11:18:14.851 [info] ExtensionService#_doActivateExtension vscode.git, startup: false, activationEvent: 'api', root cause: vscode.github
2023-01-24 11:18:14.853 [info] ExtensionService#_doActivateExtension PascalReitermann93.vscode-yaml-sort, startup: false, activationEvent: 'onStartupFinished'
2023-01-24 11:18:15.039 [warning] [Decorations] CAPPING events from decorations provider vscode.git 475
2023-01-24 11:18:15.077 [warning] [Decorations] CAPPING events from decorations provider vscode.git 475
2023-01-24 11:18:19.344 [info] ExtensionService#_doActivateExtension vscode.configuration-editing, startup: false, activationEvent: 'onLanguage:json'
2023-01-24 11:18:19.344 [info] ExtensionService#_doActivateExtension vscode.extension-editing, startup: false, activationEvent: 'onLanguage:json'
2023-01-24 11:18:19.344 [info] ExtensionService#_doActivateExtension vscode.json-language-features, startup: false, activationEvent: 'onLanguage:json'
2023-01-24 11:18:19.345 [info] ExtensionService#_doActivateExtension vscode.npm, startup: false, activationEvent: 'onLanguage:json'
2023-01-24 11:18:19.663 [warning] Using default string since no string found in i18n bundle that has the key: This activation event cannot be explicitly listed by your extension.
2023-01-24 11:18:19.738 [warning] Using default string since no string found in i18n bundle that has the key: Configure
2023-01-24 11:18:19.739 [warning] Using default string since no string found in i18n bundle that has the key: JSON Language Server
2023-01-24 11:18:19.754 [warning] Using default string since no string found in i18n bundle that has the key: JSON: Schema Resolution Error
2023-01-24 11:18:19.964 [warning] Using default string since no string found in i18n bundle that has the key: Unable to resolve schema. Click to retry.
2023-01-24 11:18:19.964 [warning] Using default string since no string found in i18n bundle that has the key: JSON Validation Status
2023-01-24 11:18:19.965 [warning] Using default string since no string found in i18n bundle that has the key: Loading JSON info
2023-01-24 11:18:20.006 [warning] Using default string since no string found in i18n bundle that has the key: No Schema Validation
2023-01-24 11:18:20.006 [warning] Using default string since no string found in i18n bundle that has the key: no JSON schema configured
2023-01-24 11:18:20.006 [warning] Using default string since no string found in i18n bundle that has the key: Show Schemas
2023-01-24 11:18:23.112 [warning] Using default string since no string found in i18n bundle that has the key: Unable to compute used schemas: No document
2023-01-24 11:18:23.282 [warning] Using default string since no string found in i18n bundle that has the key: Loading JSON info
2023-01-24 11:18:23.304 [warning] Using default string since no string found in i18n bundle that has the key: No Schema Validation
2023-01-24 11:18:23.304 [warning] Using default string since no string found in i18n bundle that has the key: no JSON schema configured
2023-01-24 11:18:23.304 [warning] Using default string since no string found in i18n bundle that has the key: Show Schemas
2023-01-24 11:18:24.341 [warning] [Decorations] CAPPING events from decorations provider vscode.git 476
2023-01-24 11:19:20.903 [warning] Using default string since no string found in i18n bundle that has the key: Unable to compute used schemas: No document
2023-01-24 11:19:37.580 [warning] Using default string since no string found in i18n bundle that has the key: Loading JSON info
2023-01-24 11:19:37.581 [warning] Using default string since no string found in i18n bundle that has the key: No Schema Validation
2023-01-24 11:19:37.581 [warning] Using default string since no string found in i18n bundle that has the key: no JSON schema configured
2023-01-24 11:19:37.581 [warning] Using default string since no string found in i18n bundle that has the key: Show Schemas
2023-01-24 11:23:00.156 [warning] [Decorations] CAPPING events from decorations provider vscode.git 475
2023-01-24 11:23:09.181 [warning] [Decorations] CAPPING events from decorations provider vscode.git 475
2023-01-24 11:24:07.604 [warning] [Decorations] CAPPING events from decorations provider vscode.git 475
