2023-01-17 14:53:53.108 [info] 日志级别: Info
2023-01-17 14:53:53.108 [info] 正在验证在以下位置找到的 git: "git"
2023-01-17 14:53:53.108 [info] 将使用位于 "2.39.0" 的 Git "git"
2023-01-17 14:53:53.108 [info] > git rev-parse --show-toplevel [2ms]
2023-01-17 14:53:53.109 [info] > git rev-parse --git-dir --git-common-dir [3ms]
2023-01-17 14:53:53.115 [info] Open repository: /home/chi/git_proj/VulkanTutorial
2023-01-17 14:53:53.125 [info] > git rev-parse --show-toplevel [5ms]
2023-01-17 14:53:53.129 [info] > git config --get commit.template [5ms]
2023-01-17 14:53:53.131 [info] > git rev-parse --show-toplevel [4ms]
2023-01-17 14:53:53.138 [info] > git rev-parse --show-toplevel [4ms]
2023-01-17 14:53:53.143 [info] > git for-each-ref --format=%(refname)%00%(upstream:short)%00%(objectname)%00%(upstream:track)%00%(upstream:remotename)%00%(upstream:remoteref) refs/heads/master refs/remotes/master [5ms]
2023-01-17 14:53:53.150 [info] > git rev-parse --show-toplevel [8ms]
2023-01-17 14:53:53.154 [info] > git for-each-ref --sort -committerdate --format %(refname) %(objectname) %(*objectname) [4ms]
2023-01-17 14:53:53.154 [info] > git rev-parse --show-toplevel [1ms]
2023-01-17 14:53:53.158 [info] > git rev-parse --show-toplevel [1ms]
2023-01-17 14:53:53.239 [info] > git status -z -uall [92ms]
2023-01-17 14:53:53.248 [info] > git config --get commit.template [1ms]
2023-01-17 14:53:53.251 [info] > git for-each-ref --format=%(refname)%00%(upstream:short)%00%(objectname)%00%(upstream:track)%00%(upstream:remotename)%00%(upstream:remoteref) refs/heads/master refs/remotes/master [1ms]
2023-01-17 14:53:53.259 [info] > git for-each-ref --sort -committerdate --format %(refname) %(objectname) %(*objectname) [1ms]
2023-01-17 14:53:53.349 [info] > git status -z -uall [93ms]
2023-01-17 14:53:53.636 [info] > git check-ignore -v -z --stdin [1ms]
2023-01-17 14:54:00.030 [info] > git show --textconv :README.md [5ms]
2023-01-17 14:54:00.031 [info] > git ls-files --stage -- /home/chi/git_proj/VulkanTutorial/README.md [1ms]
2023-01-17 14:54:00.035 [info] > git cat-file -s be8a300b914fa00fb435562b58067f368c6383aa [1ms]
2023-01-17 14:54:25.376 [info] > git check-ignore -v -z --stdin [1ms]
2023-01-17 14:54:28.083 [info] > git check-ignore -v -z --stdin [1ms]
2023-01-17 14:54:31.099 [info] > git show --textconv :code/CMakeLists.txt [4ms]
2023-01-17 14:54:31.100 [info] > git ls-files --stage -- /home/chi/git_proj/VulkanTutorial/code/CMakeLists.txt [1ms]
2023-01-17 14:54:31.104 [info] > git cat-file -s 2a177009026f0c35aafbd873a2841640cced124f [1ms]
2023-01-17 14:54:36.991 [info] > git config --get commit.template [5ms]
2023-01-17 14:54:36.991 [info] > git for-each-ref --format=%(refname)%00%(upstream:short)%00%(objectname)%00%(upstream:track)%00%(upstream:remotename)%00%(upstream:remoteref) refs/heads/master refs/remotes/master [2ms]
2023-01-17 14:54:37.000 [info] > git for-each-ref --sort -committerdate --format %(refname) %(objectname) %(*objectname) [1ms]
2023-01-17 14:54:37.088 [info] > git status -z -uall [93ms]
2023-01-17 14:54:38.090 [info] > git ls-files --stage -- /home/chi/git_proj/VulkanTutorial/code/CMakeLists.txt [1ms]
2023-01-17 14:54:38.094 [info] > git cat-file -s 2a177009026f0c35aafbd873a2841640cced124f [1ms]
2023-01-17 14:54:38.113 [info] > git show --textconv :code/CMakeLists.txt [4ms]
2023-01-17 14:54:54.807 [info] > git config --get commit.template [18ms]
2023-01-17 14:54:54.809 [info] > git for-each-ref --format=%(refname)%00%(upstream:short)%00%(objectname)%00%(upstream:track)%00%(upstream:remotename)%00%(upstream:remoteref) refs/heads/master refs/remotes/master [5ms]
2023-01-17 14:54:54.837 [info] > git for-each-ref --sort -committerdate --format %(refname) %(objectname) %(*objectname) [3ms]
2023-01-17 14:54:54.935 [info] > git status -z -uall [111ms]
2023-01-17 14:54:59.947 [info] > git config --get commit.template [5ms]
2023-01-17 14:54:59.947 [info] > git for-each-ref --format=%(refname)%00%(upstream:short)%00%(objectname)%00%(upstream:track)%00%(upstream:remotename)%00%(upstream:remoteref) refs/heads/master refs/remotes/master [1ms]
2023-01-17 14:54:59.954 [info] > git for-each-ref --sort -committerdate --format %(refname) %(objectname) %(*objectname) [1ms]
2023-01-17 14:55:00.045 [info] > git status -z -uall [95ms]
2023-01-17 14:56:29.627 [info] > git config --get commit.template [5ms]
2023-01-17 14:56:29.646 [info] > git for-each-ref --format=%(refname)%00%(upstream:short)%00%(objectname)%00%(upstream:track)%00%(upstream:remotename)%00%(upstream:remoteref) refs/heads/master refs/remotes/master [4ms]
2023-01-17 14:56:29.675 [info] > git for-each-ref --sort -committerdate --format %(refname) %(objectname) %(*objectname) [3ms]
2023-01-17 14:56:29.770 [info] > git status -z -uall [110ms]
2023-01-17 14:56:30.740 [info] > git ls-files --stage -- /home/chi/git_proj/VulkanTutorial/code/CMakeLists.txt [1ms]
2023-01-17 14:56:30.746 [info] > git cat-file -s 2a177009026f0c35aafbd873a2841640cced124f [1ms]
2023-01-17 14:56:30.756 [info] > git show --textconv :code/CMakeLists.txt [2ms]
2023-01-17 14:56:36.196 [info] > git config --get commit.template [4ms]
2023-01-17 14:56:36.197 [info] > git for-each-ref --format=%(refname)%00%(upstream:short)%00%(objectname)%00%(upstream:track)%00%(upstream:remotename)%00%(upstream:remoteref) refs/heads/master refs/remotes/master [2ms]
2023-01-17 14:56:36.206 [info] > git for-each-ref --sort -committerdate --format %(refname) %(objectname) %(*objectname) [1ms]
2023-01-17 14:56:36.301 [info] > git status -z -uall [100ms]
2023-01-17 14:56:50.084 [info] > git config --get commit.template [5ms]
2023-01-17 14:56:50.084 [info] > git for-each-ref --format=%(refname)%00%(upstream:short)%00%(objectname)%00%(upstream:track)%00%(upstream:remotename)%00%(upstream:remoteref) refs/heads/master refs/remotes/master [1ms]
2023-01-17 14:56:50.096 [info] > git for-each-ref --sort -committerdate --format %(refname) %(objectname) %(*objectname) [1ms]
2023-01-17 14:56:50.193 [info] > git status -z -uall [103ms]
2023-01-17 14:57:28.142 [info] > git config --get commit.template [14ms]
2023-01-17 14:57:28.144 [info] > git for-each-ref --format=%(refname)%00%(upstream:short)%00%(objectname)%00%(upstream:track)%00%(upstream:remotename)%00%(upstream:remoteref) refs/heads/master refs/remotes/master [3ms]
2023-01-17 14:57:28.173 [info] > git for-each-ref --sort -committerdate --format %(refname) %(objectname) %(*objectname) [3ms]
2023-01-17 14:57:28.216 [info] > git ls-files --stage -- /home/chi/git_proj/VulkanTutorial/code/CMakeLists.txt [0ms]
2023-01-17 14:57:28.220 [info] > git cat-file -s 2a177009026f0c35aafbd873a2841640cced124f [1ms]
2023-01-17 14:57:28.227 [info] > git show --textconv :code/CMakeLists.txt [1ms]
2023-01-17 14:57:28.276 [info] > git status -z -uall [120ms]
