2023-01-22 21:24:22.310 [info] 日志级别: Info
2023-01-22 21:24:22.310 [info] 正在验证在以下位置找到的 git: "git"
2023-01-22 21:24:22.310 [info] 将使用位于 "2.39.1" 的 Git "git"
2023-01-22 21:24:22.310 [info] > git rev-parse --show-toplevel [6ms]
2023-01-22 21:24:22.310 [info] > git rev-parse --git-dir --git-common-dir [1ms]
2023-01-22 21:24:22.310 [info] Open repository: /home/chi/git_proj/CoupletAI
2023-01-22 21:24:22.374 [info] > git rev-parse --show-toplevel [68ms]
2023-01-22 21:24:22.390 [info] > git config --get commit.template [15ms]
2023-01-22 21:24:22.392 [info] > git rev-parse --show-toplevel [13ms]
2023-01-22 21:24:22.401 [info] > git rev-parse --show-toplevel [6ms]
2023-01-22 21:24:22.406 [info] > git for-each-ref --format=%(refname)%00%(upstream:short)%00%(objectname)%00%(upstream:track)%00%(upstream:remotename)%00%(upstream:remoteref) refs/heads/master refs/remotes/master [6ms]
2023-01-22 21:24:22.418 [info] > git status -z -uall [7ms]
2023-01-22 21:24:22.419 [info] > git rev-parse --show-toplevel [14ms]
2023-01-22 21:24:22.423 [info] > git for-each-ref --sort -committerdate --format %(refname) %(objectname) %(*objectname) [8ms]
2023-01-22 21:24:22.434 [info] > git rev-parse --show-toplevel [12ms]
2023-01-22 21:24:22.439 [info] > git config --get commit.template [5ms]
2023-01-22 21:24:22.440 [info] > git rev-parse --show-toplevel [1ms]
2023-01-22 21:24:22.450 [info] > git rev-parse --show-toplevel [5ms]
2023-01-22 21:24:22.455 [info] > git for-each-ref --format=%(refname)%00%(upstream:short)%00%(objectname)%00%(upstream:track)%00%(upstream:remotename)%00%(upstream:remoteref) refs/heads/master refs/remotes/master [6ms]
2023-01-22 21:24:22.466 [info] > git status -z -uall [7ms]
2023-01-22 21:24:22.466 [info] > git rev-parse --show-toplevel [12ms]
2023-01-22 21:24:22.471 [info] > git for-each-ref --sort -committerdate --format %(refname) %(objectname) %(*objectname) [7ms]
2023-01-22 21:24:22.473 [info] > git rev-parse --show-toplevel [2ms]
2023-01-22 21:24:22.846 [info] > git show --textconv :clidemo.py [14ms]
2023-01-22 21:24:22.846 [info] > git show --textconv :vocabs [10ms]
2023-01-22 21:24:22.846 [info] > git ls-files --stage -- /home/chi/git_proj/CoupletAI/clidemo.py [6ms]
2023-01-22 21:24:22.852 [info] > git cat-file -s 66c4f2958a6142f8b59adf59d98adde41382d891 [1ms]
2023-01-22 21:24:22.853 [info] > git ls-files --stage -- /home/chi/git_proj/CoupletAI/vocabs [8ms]
2023-01-22 21:24:22.893 [info] > git check-ignore -v -z --stdin [2ms]
2023-01-22 21:24:50.166 [info] > git config --get commit.template [16ms]
2023-01-22 21:24:50.168 [info] > git for-each-ref --format=%(refname)%00%(upstream:short)%00%(objectname)%00%(upstream:track)%00%(upstream:remotename)%00%(upstream:remoteref) refs/heads/master refs/remotes/master [4ms]
2023-01-22 21:24:50.193 [info] > git status -z -uall [12ms]
2023-01-22 21:24:50.194 [info] > git for-each-ref --sort -committerdate --format %(refname) %(objectname) %(*objectname) [2ms]
