2023-01-20 11:20:48.412 [info] Extension host with pid 22584 started
2023-01-20 11:20:48.413 [info] Skipping acquiring lock for /home/chi/.config/Code - OSS/User/workspaceStorage/25cede6797b4c0e79543ac79520d531b.
2023-01-20 11:20:48.463 [info] ExtensionService#_doActivateExtension vscode.git-base, startup: true, activationEvent: '*'
2023-01-20 11:20:48.503 [info] ExtensionService#_doActivateExtension vscode.github, startup: true, activationEvent: '*'
2023-01-20 11:20:48.530 [warning] Using default string since no string found in i18n bundle that has the key: GitHub
2023-01-20 11:20:48.531 [info] Eager extensions activated
2023-01-20 11:20:48.537 [info] ExtensionService#_doActivateExtension vscode.debug-auto-launch, startup: false, activationEvent: 'onStartupFinished'
2023-01-20 11:20:48.537 [info] ExtensionService#_doActivateExtension vscode.emmet, startup: false, activationEvent: 'onStartupFinished'
2023-01-20 11:20:48.537 [info] ExtensionService#_doActivateExtension vscode.merge-conflict, startup: false, activationEvent: 'onStartupFinished'
2023-01-20 11:20:50.281 [info] ExtensionService#_doActivateExtension vscode.git, startup: false, activationEvent: 'api', root cause: vscode.github
2023-01-20 11:20:50.283 [info] ExtensionService#_doActivateExtension PascalReitermann93.vscode-yaml-sort, startup: false, activationEvent: 'onStartupFinished'
2023-01-20 11:20:52.976 [info] ExtensionService#_doActivateExtension vscode.extension-editing, startup: false, activationEvent: 'onLanguage:markdown'
2023-01-20 11:20:52.977 [info] ExtensionService#_doActivateExtension vscode.markdown-language-features, startup: false, activationEvent: 'onLanguage:markdown'
2023-01-20 11:20:53.104 [warning] Using default string since no string found in i18n bundle that has the key: This activation event cannot be explicitly listed by your extension.
2023-01-20 11:20:53.420 [info] ExtensionService#_doActivateExtension vscode.markdown-math, startup: false, activationEvent: 'api', root cause: vscode.markdown-language-features
2023-01-20 11:26:57.171 [info] ExtensionService#_doActivateExtension vscode.media-preview, startup: false, activationEvent: 'onCustomEditor:imagePreview.previewEditor'
2023-01-20 11:27:36.190 [info] ExtensionService#_doActivateExtension vscode.html-language-features, startup: false, activationEvent: 'onLanguage:html'
2023-01-20 11:27:36.333 [warning] Using default string since no string found in i18n bundle that has the key: HTML Language Server
2023-01-20 11:27:44.851 [info] ExtensionService#_doActivateExtension vscode.npm, startup: false, activationEvent: 'onLanguage:ignore'
2023-01-20 11:28:56.806 [info] Extension host terminating: received terminate message from renderer
2023-01-20 11:28:56.819 [error] Error: read ECONNRESET
	at Pipe.onStreamRead (node:internal/stream_base_commons:217:20)
2023-01-20 11:28:56.820 [info] Extension host with pid 22584 exiting with code 0
