2023-01-24 11:18:15.002 [info] 日志级别: Info
2023-01-24 11:18:15.002 [info] 正在验证在以下位置找到的 git: "git"
2023-01-24 11:18:15.002 [info] 将使用位于 "2.39.1" 的 Git "git"
2023-01-24 11:18:15.002 [info] > git rev-parse --show-toplevel [2ms]
2023-01-24 11:18:15.002 [info] > git rev-parse --git-dir --git-common-dir [2ms]
2023-01-24 11:18:15.002 [info] Open repository: /home/chi/Documents/spider
2023-01-24 11:18:15.003 [info] > git config --get commit.template [2ms]
2023-01-24 11:18:15.004 [info] > git rev-parse --show-toplevel [6ms]
2023-01-24 11:18:15.018 [warning] No remotes found in the git config file.
2023-01-24 11:18:15.019 [info] > git rev-parse --show-toplevel [11ms]
2023-01-24 11:18:15.020 [info] > git remote --verbose [2ms]
2023-01-24 11:18:15.020 [info] > git for-each-ref --format=%(refname)%00%(upstream:short)%00%(objectname)%00%(upstream:track)%00%(upstream:remotename)%00%(upstream:remoteref) refs/heads/master refs/remotes/master [7ms]
2023-01-24 11:18:15.028 [info] > git status -z -uall [4ms]
2023-01-24 11:18:15.031 [info] > git for-each-ref --sort -committerdate --format %(refname) %(objectname) %(*objectname) [4ms]
2023-01-24 11:18:15.054 [warning] No remotes found in the git config file.
2023-01-24 11:18:15.055 [info] > git for-each-ref --format=%(refname)%00%(upstream:short)%00%(objectname)%00%(upstream:track)%00%(upstream:remotename)%00%(upstream:remoteref) refs/heads/master refs/remotes/master [5ms]
2023-01-24 11:18:15.055 [info] > git config --get commit.template [8ms]
2023-01-24 11:18:15.056 [info] > git remote --verbose [1ms]
2023-01-24 11:18:15.069 [info] > git status -z -uall [10ms]
2023-01-24 11:18:15.073 [info] > git for-each-ref --sort -committerdate --format %(refname) %(objectname) %(*objectname) [9ms]
2023-01-24 11:18:15.507 [info] > git check-ignore -v -z --stdin [2ms]
2023-01-24 11:18:16.522 [info] > git show --textconv :try [6ms]
2023-01-24 11:18:16.523 [info] > git ls-files --stage -- /home/chi/Documents/spider/try [2ms]
2023-01-24 11:18:23.338 [info] > git show --textconv :try.json [5ms]
2023-01-24 11:18:23.339 [info] > git ls-files --stage -- /home/chi/Documents/spider/try.json [2ms]
2023-01-24 11:18:23.793 [info] > git check-ignore -v -z --stdin [1ms]
2023-01-24 11:18:24.326 [warning] No remotes found in the git config file.
2023-01-24 11:18:24.326 [info] > git for-each-ref --format=%(refname)%00%(upstream:short)%00%(objectname)%00%(upstream:track)%00%(upstream:remotename)%00%(upstream:remoteref) refs/heads/master refs/remotes/master [4ms]
2023-01-24 11:18:24.327 [info] > git config --get commit.template [11ms]
2023-01-24 11:18:24.327 [info] > git remote --verbose [1ms]
2023-01-24 11:18:24.336 [info] > git status -z -uall [5ms]
2023-01-24 11:18:24.338 [info] > git for-each-ref --sort -committerdate --format %(refname) %(objectname) %(*objectname) [3ms]
2023-01-24 11:23:00.141 [warning] No remotes found in the git config file.
2023-01-24 11:23:00.145 [info] > git remote --verbose [3ms]
2023-01-24 11:23:00.145 [info] > git config --get commit.template [8ms]
2023-01-24 11:23:00.145 [info] > git for-each-ref --format=%(refname)%00%(upstream:short)%00%(objectname)%00%(upstream:track)%00%(upstream:remotename)%00%(upstream:remoteref) refs/heads/master refs/remotes/master [1ms]
2023-01-24 11:23:00.151 [info] > git status -z -uall [3ms]
2023-01-24 11:23:00.153 [info] > git for-each-ref --sort -committerdate --format %(refname) %(objectname) %(*objectname) [2ms]
2023-01-24 11:23:09.160 [warning] No remotes found in the git config file.
2023-01-24 11:23:09.161 [info] > git config --get commit.template [12ms]
2023-01-24 11:23:09.161 [info] > git remote --verbose [1ms]
2023-01-24 11:23:09.161 [info] > git for-each-ref --format=%(refname)%00%(upstream:short)%00%(objectname)%00%(upstream:track)%00%(upstream:remotename)%00%(upstream:remoteref) refs/heads/master refs/remotes/master [5ms]
2023-01-24 11:23:09.175 [info] > git status -z -uall [7ms]
2023-01-24 11:23:09.178 [info] > git for-each-ref --sort -committerdate --format %(refname) %(objectname) %(*objectname) [4ms]
2023-01-24 11:24:07.586 [warning] No remotes found in the git config file.
2023-01-24 11:24:07.587 [info] > git config --get commit.template [16ms]
2023-01-24 11:24:07.587 [info] > git for-each-ref --format=%(refname)%00%(upstream:short)%00%(objectname)%00%(upstream:track)%00%(upstream:remotename)%00%(upstream:remoteref) refs/heads/master refs/remotes/master [6ms]
2023-01-24 11:24:07.587 [info] > git remote --verbose [1ms]
2023-01-24 11:24:07.597 [info] > git status -z -uall [5ms]
2023-01-24 11:24:07.600 [info] > git for-each-ref --sort -committerdate --format %(refname) %(objectname) %(*objectname) [4ms]
