2023-01-20 11:20:50.435 [info] 日志级别: Info
2023-01-20 11:20:50.435 [info] 正在验证在以下位置找到的 git: "git"
2023-01-20 11:20:50.435 [info] 将使用位于 "2.39.1" 的 Git "git"
2023-01-20 11:20:50.435 [info] > git rev-parse --show-toplevel [3ms]
2023-01-20 11:20:50.435 [info] > git rev-parse --git-dir --git-common-dir [5ms]
2023-01-20 11:20:50.435 [info] Open repository: /home/chi/git_proj/CoupletAI
2023-01-20 11:20:50.435 [info] > git rev-parse --show-toplevel [6ms]
2023-01-20 11:20:50.443 [info] > git config --get commit.template [9ms]
2023-01-20 11:20:50.444 [info] > git rev-parse --show-toplevel [3ms]
2023-01-20 11:20:50.453 [info] > git for-each-ref --format=%(refname)%00%(upstream:short)%00%(objectname)%00%(upstream:track)%00%(upstream:remotename)%00%(upstream:remoteref) refs/heads/master refs/remotes/master [1ms]
2023-01-20 11:20:50.462 [info] > git rev-parse --show-toplevel [14ms]
2023-01-20 11:20:50.467 [info] > git status -z -uall [9ms]
2023-01-20 11:20:50.467 [info] > git rev-parse --show-toplevel [1ms]
2023-01-20 11:20:50.468 [info] > git for-each-ref --sort -committerdate --format %(refname) %(objectname) %(*objectname) [6ms]
2023-01-20 11:20:50.480 [info] > git config --get commit.template [1ms]
2023-01-20 11:20:50.484 [info] > git for-each-ref --format=%(refname)%00%(upstream:short)%00%(objectname)%00%(upstream:track)%00%(upstream:remotename)%00%(upstream:remoteref) refs/heads/master refs/remotes/master [1ms]
2023-01-20 11:20:50.491 [info] > git status -z -uall [4ms]
2023-01-20 11:20:50.492 [info] > git for-each-ref --sort -committerdate --format %(refname) %(objectname) %(*objectname) [2ms]
2023-01-20 11:20:50.940 [info] > git check-ignore -v -z --stdin [1ms]
2023-01-20 11:20:53.156 [info] > git show --textconv :README.md [59ms]
2023-01-20 11:20:53.156 [info] > git ls-files --stage -- /home/chi/git_proj/CoupletAI/README.md [56ms]
2023-01-20 11:20:53.173 [info] > git cat-file -s 7a41ac1c8264c9117337d3e396c337757b4696d0 [9ms]
2023-01-20 11:23:46.176 [info] > git check-ignore -v -z --stdin [2ms]
2023-01-20 11:23:50.813 [info] > git config --get commit.template [1ms]
2023-01-20 11:23:50.817 [info] > git for-each-ref --format=%(refname)%00%(upstream:short)%00%(objectname)%00%(upstream:track)%00%(upstream:remotename)%00%(upstream:remoteref) refs/heads/master refs/remotes/master [1ms]
2023-01-20 11:23:50.822 [info] > git status -z -uall [2ms]
2023-01-20 11:23:50.823 [info] > git for-each-ref --sort -committerdate --format %(refname) %(objectname) %(*objectname) [1ms]
2023-01-20 11:24:14.312 [info] > git check-ignore -v -z --stdin [2ms]
2023-01-20 11:24:14.702 [info] > git config --get commit.template [18ms]
2023-01-20 11:24:14.703 [info] > git for-each-ref --format=%(refname)%00%(upstream:short)%00%(objectname)%00%(upstream:track)%00%(upstream:remotename)%00%(upstream:remoteref) refs/heads/master refs/remotes/master [4ms]
2023-01-20 11:24:14.726 [info] > git status -z -uall [11ms]
2023-01-20 11:24:14.729 [info] > git for-each-ref --sort -committerdate --format %(refname) %(objectname) %(*objectname) [3ms]
2023-01-20 11:24:17.690 [info] > git check-ignore -v -z --stdin [0ms]
2023-01-20 11:24:18.643 [info] > git check-ignore -v -z --stdin [2ms]
2023-01-20 11:24:24.265 [info] > git show --textconv :README.md [3ms]
2023-01-20 11:24:24.266 [info] > git ls-files --stage -- /home/chi/git_proj/CoupletAI/README.md [1ms]
2023-01-20 11:24:24.270 [info] > git cat-file -s 7a41ac1c8264c9117337d3e396c337757b4696d0 [1ms]
2023-01-20 11:24:53.662 [info] > git config --get commit.template [4ms]
2023-01-20 11:24:53.662 [info] > git for-each-ref --format=%(refname)%00%(upstream:short)%00%(objectname)%00%(upstream:track)%00%(upstream:remotename)%00%(upstream:remoteref) refs/heads/master refs/remotes/master [1ms]
2023-01-20 11:24:53.670 [info] > git status -z -uall [4ms]
2023-01-20 11:24:53.671 [info] > git for-each-ref --sort -committerdate --format %(refname) %(objectname) %(*objectname) [1ms]
2023-01-20 11:25:00.422 [info] > git check-ignore -v -z --stdin [2ms]
2023-01-20 11:25:03.799 [info] > git show --textconv :couplet/train/in.txt [7ms]
2023-01-20 11:25:03.800 [info] > git ls-files --stage -- /home/chi/git_proj/CoupletAI/couplet/train/in.txt [2ms]
2023-01-20 11:25:10.963 [info] > git show --textconv :couplet/train/out.txt [7ms]
2023-01-20 11:25:10.964 [info] > git ls-files --stage -- /home/chi/git_proj/CoupletAI/couplet/train/out.txt [1ms]
2023-01-20 11:25:13.582 [info] > git show --textconv :couplet/vocabs [7ms]
2023-01-20 11:25:13.582 [info] > git ls-files --stage -- /home/chi/git_proj/CoupletAI/couplet/vocabs [1ms]
2023-01-20 11:25:23.686 [info] > git check-ignore -v -z --stdin [1ms]
2023-01-20 11:25:24.437 [info] > git show --textconv :docker/Dockerfile [5ms]
2023-01-20 11:25:24.437 [info] > git ls-files --stage -- /home/chi/git_proj/CoupletAI/docker/Dockerfile [1ms]
2023-01-20 11:25:24.442 [info] > git cat-file -s 30600d3e57d578fdb820d62cf7180f5f4a5df4aa [1ms]
2023-01-20 11:25:32.815 [info] > git check-ignore -v -z --stdin [1ms]
2023-01-20 11:25:33.117 [info] > git config --get commit.template [7ms]
2023-01-20 11:25:33.117 [info] > git for-each-ref --format=%(refname)%00%(upstream:short)%00%(objectname)%00%(upstream:track)%00%(upstream:remotename)%00%(upstream:remoteref) refs/heads/master refs/remotes/master [2ms]
2023-01-20 11:25:33.129 [info] > git status -z -uall [6ms]
2023-01-20 11:25:33.130 [info] > git for-each-ref --sort -committerdate --format %(refname) %(objectname) %(*objectname) [1ms]
2023-01-20 11:25:39.439 [info] > git check-ignore -v -z --stdin [1ms]
2023-01-20 11:26:47.021 [info] > git config --get commit.template [6ms]
2023-01-20 11:26:47.021 [info] > git for-each-ref --format=%(refname)%00%(upstream:short)%00%(objectname)%00%(upstream:track)%00%(upstream:remotename)%00%(upstream:remoteref) refs/heads/master refs/remotes/master [1ms]
2023-01-20 11:26:47.031 [info] > git status -z -uall [5ms]
2023-01-20 11:26:47.032 [info] > git for-each-ref --sort -committerdate --format %(refname) %(objectname) %(*objectname) [1ms]
2023-01-20 11:26:56.414 [info] > git check-ignore -v -z --stdin [1ms]
2023-01-20 11:27:01.342 [info] > git check-ignore -v -z --stdin [1ms]
2023-01-20 11:27:04.826 [info] > git show --textconv :module/__init__.py [4ms]
2023-01-20 11:27:04.827 [info] > git ls-files --stage -- /home/chi/git_proj/CoupletAI/module/__init__.py [0ms]
2023-01-20 11:27:04.831 [info] > git cat-file -s 44da74d30a311515b8dd2be74afecb8bba2d07b5 [1ms]
2023-01-20 11:27:15.949 [info] > git show --textconv :module/metric.py [11ms]
2023-01-20 11:27:15.953 [info] > git ls-files --stage -- /home/chi/git_proj/CoupletAI/module/metric.py [5ms]
2023-01-20 11:27:15.964 [info] > git cat-file -s e8be5d1f185b1ff2fcf2319c028368767bab9e61 [2ms]
2023-01-20 11:27:23.333 [info] > git show --textconv :module/model.py [6ms]
2023-01-20 11:27:23.333 [info] > git ls-files --stage -- /home/chi/git_proj/CoupletAI/module/model.py [1ms]
2023-01-20 11:27:23.339 [info] > git cat-file -s 1e243d31ffa66bcfb24eac0489807a3ce9ce22fb [1ms]
2023-01-20 11:27:31.710 [info] > git show --textconv :module/tokenizer.py [9ms]
2023-01-20 11:27:31.712 [info] > git ls-files --stage -- /home/chi/git_proj/CoupletAI/module/tokenizer.py [1ms]
2023-01-20 11:27:31.720 [info] > git cat-file -s 2619eaa2840f908708baf758b3d8c10a5d6daeaa [2ms]
2023-01-20 11:27:35.487 [info] > git check-ignore -v -z --stdin [1ms]
2023-01-20 11:27:36.390 [info] > git show --textconv :templates/index.html [6ms]
2023-01-20 11:27:36.391 [info] > git ls-files --stage -- /home/chi/git_proj/CoupletAI/templates/index.html [1ms]
2023-01-20 11:27:36.399 [info] > git cat-file -s a8bde75d11ce340e58805643ee6ed5c62fbecb4f [1ms]
2023-01-20 11:27:45.042 [info] > git show --textconv :.gitignore [6ms]
2023-01-20 11:27:45.042 [info] > git ls-files --stage -- /home/chi/git_proj/CoupletAI/.gitignore [1ms]
2023-01-20 11:27:45.047 [info] > git cat-file -s a65e04ed936e34c1810f04bfea57424a11292655 [1ms]
2023-01-20 11:27:45.719 [info] > git show --textconv :clidemo.py [5ms]
2023-01-20 11:27:45.720 [info] > git ls-files --stage -- /home/chi/git_proj/CoupletAI/clidemo.py [1ms]
2023-01-20 11:27:45.725 [info] > git cat-file -s 66c4f2958a6142f8b59adf59d98adde41382d891 [1ms]
2023-01-20 11:27:47.111 [info] > git show --textconv :main.py [6ms]
2023-01-20 11:27:47.111 [info] > git ls-files --stage -- /home/chi/git_proj/CoupletAI/main.py [1ms]
2023-01-20 11:27:47.117 [info] > git cat-file -s 234fcb3648b290bb5994b3e7ee584fd3fd2becd3 [0ms]
2023-01-20 11:27:47.811 [info] > git show --textconv :README.md [5ms]
2023-01-20 11:27:47.812 [info] > git ls-files --stage -- /home/chi/git_proj/CoupletAI/README.md [1ms]
2023-01-20 11:27:47.818 [info] > git cat-file -s 7a41ac1c8264c9117337d3e396c337757b4696d0 [1ms]
2023-01-20 11:27:56.465 [info] > git show --textconv :webdemo.py [5ms]
2023-01-20 11:27:56.466 [info] > git ls-files --stage -- /home/chi/git_proj/CoupletAI/webdemo.py [1ms]
2023-01-20 11:27:56.471 [info] > git cat-file -s c126702374e1469959a008ef01f57105130cbe93 [1ms]
2023-01-20 11:28:21.513 [info] > git config --get commit.template [7ms]
2023-01-20 11:28:21.513 [info] > git for-each-ref --format=%(refname)%00%(upstream:short)%00%(objectname)%00%(upstream:track)%00%(upstream:remotename)%00%(upstream:remoteref) refs/heads/master refs/remotes/master [1ms]
2023-01-20 11:28:21.530 [info] > git status -z -uall [12ms]
2023-01-20 11:28:21.530 [info] > git check-ignore -v -z --stdin [1ms]
2023-01-20 11:28:21.531 [info] > git for-each-ref --sort -committerdate --format %(refname) %(objectname) %(*objectname) [9ms]
2023-01-20 11:28:31.460 [info] > git show --textconv :.gitignore [5ms]
2023-01-20 11:28:31.460 [info] > git ls-files --stage -- /home/chi/git_proj/CoupletAI/.gitignore [1ms]
2023-01-20 11:28:31.465 [info] > git cat-file -s a65e04ed936e34c1810f04bfea57424a11292655 [1ms]
2023-01-20 11:28:32.205 [info] > git show --textconv :clidemo.py [5ms]
2023-01-20 11:28:32.205 [info] > git ls-files --stage -- /home/chi/git_proj/CoupletAI/clidemo.py [0ms]
2023-01-20 11:28:32.211 [info] > git cat-file -s 66c4f2958a6142f8b59adf59d98adde41382d891 [1ms]
2023-01-20 11:28:40.450 [info] > git show --textconv :LICENSE [5ms]
2023-01-20 11:28:40.451 [info] > git ls-files --stage -- /home/chi/git_proj/CoupletAI/LICENSE [1ms]
2023-01-20 11:28:40.456 [info] > git cat-file -s bbe61849f7c0b018806a20efeafe549b762eb904 [0ms]
2023-01-20 11:28:41.086 [info] > git show --textconv :main.py [7ms]
2023-01-20 11:28:41.086 [info] > git ls-files --stage -- /home/chi/git_proj/CoupletAI/main.py [1ms]
2023-01-20 11:28:41.091 [info] > git cat-file -s 234fcb3648b290bb5994b3e7ee584fd3fd2becd3 [1ms]
2023-01-20 11:28:47.579 [info] > git for-each-ref --format=%(refname)%00%(upstream:short)%00%(objectname)%00%(upstream:track)%00%(upstream:remotename)%00%(upstream:remoteref) refs/heads/master refs/remotes/master [5ms]
2023-01-20 11:28:47.579 [info] > git config --get commit.template [11ms]
2023-01-20 11:28:47.590 [info] > git check-ignore -v -z --stdin [12ms]
2023-01-20 11:28:47.590 [info] > git status -z -uall [5ms]
2023-01-20 11:28:47.590 [info] > git for-each-ref --sort -committerdate --format %(refname) %(objectname) %(*objectname) [1ms]
