2023-01-19 22:22:01.597 [info] 日志级别: Info
2023-01-19 22:22:01.597 [info] 正在验证在以下位置找到的 git: "git"
2023-01-19 22:22:01.597 [info] 将使用位于 "2.39.1" 的 Git "git"
2023-01-19 22:22:01.598 [info] > git rev-parse --show-toplevel [4ms]
2023-01-19 22:22:01.598 [info] > git rev-parse --git-dir --git-common-dir [1ms]
2023-01-19 22:22:01.598 [info] Open repository: /home/chi/git_proj/VulkanTutorial
2023-01-19 22:22:01.602 [info] > git rev-parse --show-toplevel [15ms]
2023-01-19 22:22:01.610 [info] > git config --get commit.template [7ms]
2023-01-19 22:22:01.611 [info] > git rev-parse --show-toplevel [4ms]
2023-01-19 22:22:01.623 [info] > git rev-parse --show-toplevel [8ms]
2023-01-19 22:22:01.643 [info] > git for-each-ref --format=%(refname)%00%(upstream:short)%00%(objectname)%00%(upstream:track)%00%(upstream:remotename)%00%(upstream:remoteref) refs/heads/master refs/remotes/master [24ms]
2023-01-19 22:22:01.653 [info] > git rev-parse --show-toplevel [27ms]
2023-01-19 22:22:01.659 [info] > git rev-parse --show-toplevel [1ms]
2023-01-19 22:22:01.662 [info] > git for-each-ref --sort -committerdate --format %(refname) %(objectname) %(*objectname) [11ms]
2023-01-19 22:22:01.665 [info] > git rev-parse --show-toplevel [3ms]
2023-01-19 22:22:01.670 [info] > git rev-parse --show-toplevel [1ms]
2023-01-19 22:22:01.781 [info] > git status -z -uall [133ms]
2023-01-19 22:22:01.794 [info] > git config --get commit.template [4ms]
2023-01-19 22:22:01.796 [info] > git for-each-ref --format=%(refname)%00%(upstream:short)%00%(objectname)%00%(upstream:track)%00%(upstream:remotename)%00%(upstream:remoteref) refs/heads/master refs/remotes/master [3ms]
2023-01-19 22:22:01.802 [info] > git for-each-ref --sort -committerdate --format %(refname) %(objectname) %(*objectname) [1ms]
2023-01-19 22:22:01.886 [info] > git status -z -uall [87ms]
2023-01-19 22:22:02.102 [info] > git check-ignore -v -z --stdin [1ms]
2023-01-19 22:22:02.241 [info] > git show --textconv :code/CMakeLists.txt [12ms]
2023-01-19 22:22:02.245 [info] > git ls-files --stage -- /home/chi/git_proj/VulkanTutorial/code/CMakeLists.txt [5ms]
2023-01-19 22:22:02.257 [info] > git cat-file -s 2a177009026f0c35aafbd873a2841640cced124f [3ms]
2023-01-19 22:22:07.194 [info] > git config --get commit.template [10ms]
2023-01-19 22:22:07.194 [info] > git for-each-ref --format=%(refname)%00%(upstream:short)%00%(objectname)%00%(upstream:track)%00%(upstream:remotename)%00%(upstream:remoteref) refs/heads/master refs/remotes/master [2ms]
2023-01-19 22:22:07.207 [info] > git for-each-ref --sort -committerdate --format %(refname) %(objectname) %(*objectname) [1ms]
2023-01-19 22:22:07.307 [info] > git status -z -uall [106ms]
